-------------------------------------------------------------------------------
Test set: org.camunda.community.examples.twitter.TestEchoTestProcess
-------------------------------------------------------------------------------
Tests run: 1, Failures: 0, Errors: 1, Skipped: 0, Time elapsed: 35.74 s <<< FAILURE! -- in org.camunda.community.examples.twitter.TestEchoTestProcess
org.camunda.community.examples.twitter.TestEchoTestProcess.TestshouldRun -- Time elapsed: 32.85 s <<< ERROR!
org.awaitility.core.ConditionTimeoutException: Assertion condition defined as a Lambda expression in io.camunda.zeebe.spring.test.ZeebeTestThreadSupport Process with key 2251799813685262 was not completed within 30 seconds.
	at org.awaitility.core.ConditionAwaiter.await(ConditionAwaiter.java:167)
	at org.awaitility.core.AssertionCondition.await(AssertionCondition.java:119)
	at org.awaitility.core.AssertionCondition.await(AssertionCondition.java:31)
	at org.awaitility.core.ConditionFactory.until(ConditionFactory.java:1006)
	at org.awaitility.core.ConditionFactory.untilAsserted(ConditionFactory.java:790)
	at io.camunda.zeebe.spring.test.ZeebeTestThreadSupport.waitForProcessInstanceCompleted(ZeebeTestThreadSupport.java:66)
	at io.camunda.zeebe.spring.test.ZeebeTestThreadSupport.waitForProcessInstanceCompleted(ZeebeTestThreadSupport.java:45)
	at io.camunda.zeebe.spring.test.ZeebeTestThreadSupport.waitForProcessInstanceCompleted(ZeebeTestThreadSupport.java:36)
	at org.camunda.community.examples.twitter.TestEchoTestProcess.TestshouldRun(TestEchoTestProcess.java:32)
	at java.base/java.lang.reflect.Method.invoke(Method.java:580)
	at java.base/java.util.ArrayList.forEach(ArrayList.java:1596)
	at java.base/java.util.ArrayList.forEach(ArrayList.java:1596)
Caused by: org.opentest4j.AssertionFailedError: Process with key 2251799813685262 was not completed
	at java.base/java.lang.reflect.Constructor.newInstanceWithCaller(Constructor.java:502)
	at io.camunda.zeebe.process.test.assertions.ProcessInstanceAssert.isCompleted(ProcessInstanceAssert.java:108)
	at io.camunda.zeebe.spring.test.ZeebeTestThreadSupport.lambda$waitForProcessInstanceCompleted$0(ZeebeTestThreadSupport.java:73)
	at org.awaitility.core.AssertionCondition.lambda$new$0(AssertionCondition.java:53)
	at org.awaitility.core.ConditionAwaiter$ConditionPoller.call(ConditionAwaiter.java:248)
	at org.awaitility.core.ConditionAwaiter$ConditionPoller.call(ConditionAwaiter.java:235)
	at java.base/java.util.concurrent.FutureTask.run(FutureTask.java:317)
	at java.base/java.util.concurrent.ThreadPoolExecutor.runWorker(ThreadPoolExecutor.java:1144)
	at java.base/java.util.concurrent.ThreadPoolExecutor$Worker.run(ThreadPoolExecutor.java:642)
	at java.base/java.lang.Thread.run(Thread.java:1583)

