<?xml version="1.0" encoding="UTF-8"?>
<testsuite xmlns:xsi="http://www.w3.org/2001/XMLSchema-instance" xsi:noNamespaceSchemaLocation="https://maven.apache.org/surefire/maven-surefire-plugin/xsd/surefire-test-report.xsd" version="3.0.2" name="org.camunda.community.examples.twitter.BPMNTest" time="5.542" tests="1" errors="0" skipped="0" failures="0">
  <properties>
[...]
</properties>
  <testcase name="TestBPMN" classname="org.camunda.community.examples.twitter.BPMNTest" time="2.781">
    <system-out><![CDATA[12:07:39.528 [main] INFO org.springframework.test.context.support.AnnotationConfigContextLoaderUtils -- Could not detect default configuration classes for test class [org.camunda.community.examples.twitter.BPMNTest]: BPMNTest does not declare any static, non-private, non-final, nested classes annotated with @Configuration.
12:07:39.630 [main] INFO org.springframework.boot.test.context.SpringBootTestContextBootstrapper -- Found @SpringBootConfiguration org.camunda.community.examples.twitter.TwitterExampleApplication for test class org.camunda.community.examples.twitter.BPMNTest
  .   ____          _            __ _ _
 /\\ / ___'_ __ _ _(_)_ __  __ _ \ \ \ \
( ( )\___ | '_ | '_| | '_ \/ _` | \ \ \ \
 \\/  ___)| |_)| | | | | || (_| |  ) ) ) )
  '  |____| .__|_| |_|_| |_\__, | / / / /
 =========|_|==============|___/=/_/_/_/

 :: Spring Boot ::                (v3.3.0)

2025-01-13T12:07:39.994+08:00  INFO 3116 --- [           main] o.c.community.examples.twitter.BPMNTest  : Starting BPMNTest using Java 21.0.5 with PID 3116 (started by emapta in C:\Users\emapta\Desktop\Work\AngleFinance\TestAutomation\camunda-8-examples-main\camunda-8-examples-main\twitter-review-java-springboot)
2025-01-13T12:07:39.996+08:00  INFO 3116 --- [           main] o.c.community.examples.twitter.BPMNTest  : No active profile set, falling back to 1 default profile: "default"
2025-01-13T12:07:40.823+08:00  WARN 3116 --- [           main] trationDelegate$BeanPostProcessorChecker : Bean 'io.camunda.zeebe.spring.client.annotation.processor.AnnotationProcessorConfiguration' of type [io.camunda.zeebe.spring.client.annotation.processor.AnnotationProcessorConfiguration] is not eligible for getting processed by all BeanPostProcessors (for example: not eligible for auto-proxying). The currently created BeanPostProcessor [zeebeAnnotationProcessorRegistry] is declared through a non-static factory method on that class; consider declaring it as static instead.
2025-01-13T12:07:40.828+08:00  WARN 3116 --- [           main] trationDelegate$BeanPostProcessorChecker : Bean 'deploymentPostProcessor' of type [io.camunda.zeebe.spring.client.annotation.processor.ZeebeDeploymentAnnotationProcessor] is not eligible for getting processed by all BeanPostProcessors (for example: not eligible for auto-proxying). Is this bean getting eagerly injected into a currently created BeanPostProcessor [zeebeAnnotationProcessorRegistry]? Check the corresponding BeanPostProcessor declaration and its dependencies.
2025-01-13T12:07:40.859+08:00  WARN 3116 --- [           main] trationDelegate$BeanPostProcessorChecker : Bean 'zeebe.client-io.camunda.zeebe.spring.client.properties.ZeebeClientConfigurationProperties' of type [io.camunda.zeebe.spring.client.properties.ZeebeClientConfigurationProperties] is not eligible for getting processed by all BeanPostProcessors (for example: not eligible for auto-proxying). Is this bean getting eagerly injected into a currently created BeanPostProcessor [zeebeAnnotationProcessorRegistry]? Check the corresponding BeanPostProcessor declaration and its dependencies.
2025-01-13T12:07:40.861+08:00  WARN 3116 --- [           main] trationDelegate$BeanPostProcessorChecker : Bean 'camunda.client-io.camunda.zeebe.spring.client.properties.CamundaClientProperties' of type [io.camunda.zeebe.spring.client.properties.CamundaClientProperties] is not eligible for getting processed by all BeanPostProcessors (for example: not eligible for auto-proxying). Is this bean getting eagerly injected into a currently created BeanPostProcessor [zeebeAnnotationProcessorRegistry]? Check the corresponding BeanPostProcessor declaration and its dependencies.
2025-01-13T12:07:40.863+08:00  WARN 3116 --- [           main] trationDelegate$BeanPostProcessorChecker : Bean 'io.camunda.zeebe.spring.client.configuration.ZeebeClientAllAutoConfiguration' of type [io.camunda.zeebe.spring.client.configuration.ZeebeClientAllAutoConfiguration] is not eligible for getting processed by all BeanPostProcessors (for example: not eligible for auto-proxying). Is this bean getting eagerly injected into a currently created BeanPostProcessor [zeebeAnnotationProcessorRegistry]? Check the corresponding BeanPostProcessor declaration and its dependencies.
2025-01-13T12:07:40.866+08:00  WARN 3116 --- [           main] trationDelegate$BeanPostProcessorChecker : Bean 'zeebeClientExecutorService' of type [io.camunda.zeebe.spring.client.jobhandling.ZeebeClientExecutorService] is not eligible for getting processed by all BeanPostProcessors (for example: not eligible for auto-proxying). Is this bean getting eagerly injected into a currently created BeanPostProcessor [zeebeAnnotationProcessorRegistry]? Check the corresponding BeanPostProcessor declaration and its dependencies.
2025-01-13T12:07:40.869+08:00  WARN 3116 --- [           main] trationDelegate$BeanPostProcessorChecker : Bean 'commandExceptionHandlingStrategy' of type [io.camunda.zeebe.spring.client.jobhandling.DefaultCommandExceptionHandlingStrategy] is not eligible for getting processed by all BeanPostProcessors (for example: not eligible for auto-proxying). Is this bean getting eagerly injected into a currently created BeanPostProcessor [zeebeAnnotationProcessorRegistry]? Check the corresponding BeanPostProcessor declaration and its dependencies.
2025-01-13T12:07:40.870+08:00  WARN 3116 --- [           main] trationDelegate$BeanPostProcessorChecker : Bean 'io.camunda.zeebe.spring.client.configuration.MetricsDefaultConfiguration' of type [io.camunda.zeebe.spring.client.configuration.MetricsDefaultConfiguration] is not eligible for getting processed by all BeanPostProcessors (for example: not eligible for auto-proxying). Is this bean getting eagerly injected into a currently created BeanPostProcessor [zeebeAnnotationProcessorRegistry]? Check the corresponding BeanPostProcessor declaration and its dependencies.
2025-01-13T12:07:40.871+08:00  WARN 3116 --- [           main] trationDelegate$BeanPostProcessorChecker : Bean 'noopMetricsRecorder' of type [io.camunda.zeebe.spring.client.metrics.DefaultNoopMetricsRecorder] is not eligible for getting processed by all BeanPostProcessors (for example: not eligible for auto-proxying). Is this bean getting eagerly injected into a currently created BeanPostProcessor [zeebeAnnotationProcessorRegistry]? Check the corresponding BeanPostProcessor declaration and its dependencies.
2025-01-13T12:07:40.873+08:00  WARN 3116 --- [           main] trationDelegate$BeanPostProcessorChecker : Bean 'org.springframework.boot.autoconfigure.jackson.JacksonAutoConfiguration$JacksonObjectMapperConfiguration' of type [org.springframework.boot.autoconfigure.jackson.JacksonAutoConfiguration$JacksonObjectMapperConfiguration] is not eligible for getting processed by all BeanPostProcessors (for example: not eligible for auto-proxying). Is this bean getting eagerly injected into a currently created BeanPostProcessor [zeebeAnnotationProcessorRegistry]? Check the corresponding BeanPostProcessor declaration and its dependencies.
2025-01-13T12:07:40.873+08:00  WARN 3116 --- [           main] trationDelegate$BeanPostProcessorChecker : Bean 'org.springframework.boot.autoconfigure.jackson.JacksonAutoConfiguration$JacksonObjectMapperBuilderConfiguration' of type [org.springframework.boot.autoconfigure.jackson.JacksonAutoConfiguration$JacksonObjectMapperBuilderConfiguration] is not eligible for getting processed by all BeanPostProcessors (for example: not eligible for auto-proxying). Is this bean getting eagerly injected into a currently created BeanPostProcessor [zeebeAnnotationProcessorRegistry]? Check the corresponding BeanPostProcessor declaration and its dependencies.
2025-01-13T12:07:40.879+08:00  WARN 3116 --- [           main] trationDelegate$BeanPostProcessorChecker : Bean 'org.springframework.boot.autoconfigure.jackson.JacksonAutoConfiguration$Jackson2ObjectMapperBuilderCustomizerConfiguration' of type [org.springframework.boot.autoconfigure.jackson.JacksonAutoConfiguration$Jackson2ObjectMapperBuilderCustomizerConfiguration] is not eligible for getting processed by all BeanPostProcessors (for example: not eligible for auto-proxying). Is this bean getting eagerly injected into a currently created BeanPostProcessor [zeebeAnnotationProcessorRegistry]? Check the corresponding BeanPostProcessor declaration and its dependencies.
2025-01-13T12:07:40.883+08:00  WARN 3116 --- [           main] trationDelegate$BeanPostProcessorChecker : Bean 'spring.jackson-org.springframework.boot.autoconfigure.jackson.JacksonProperties' of type [org.springframework.boot.autoconfigure.jackson.JacksonProperties] is not eligible for getting processed by all BeanPostProcessors (for example: not eligible for auto-proxying). Is this bean getting eagerly injected into a currently created BeanPostProcessor [zeebeAnnotationProcessorRegistry]? Check the corresponding BeanPostProcessor declaration and its dependencies.
2025-01-13T12:07:40.883+08:00  WARN 3116 --- [           main] trationDelegate$BeanPostProcessorChecker : Bean 'org.springframework.boot.autoconfigure.jackson.JacksonAutoConfiguration$ParameterNamesModuleConfiguration' of type [org.springframework.boot.autoconfigure.jackson.JacksonAutoConfiguration$ParameterNamesModuleConfiguration] is not eligible for getting processed by all BeanPostProcessors (for example: not eligible for auto-proxying). Is this bean getting eagerly injected into a currently created BeanPostProcessor [zeebeAnnotationProcessorRegistry]? Check the corresponding BeanPostProcessor declaration and its dependencies.
2025-01-13T12:07:40.883+08:00  WARN 3116 --- [           main] trationDelegate$BeanPostProcessorChecker : Bean 'parameterNamesModule' of type [com.fasterxml.jackson.module.paramnames.ParameterNamesModule] is not eligible for getting processed by all BeanPostProcessors (for example: not eligible for auto-proxying). Is this bean getting eagerly injected into a currently created BeanPostProcessor [zeebeAnnotationProcessorRegistry]? Check the corresponding BeanPostProcessor declaration and its dependencies.
2025-01-13T12:07:40.883+08:00  WARN 3116 --- [           main] trationDelegate$BeanPostProcessorChecker : Bean 'org.springframework.boot.autoconfigure.jackson.JacksonAutoConfiguration$JacksonMixinConfiguration' of type [org.springframework.boot.autoconfigure.jackson.JacksonAutoConfiguration$JacksonMixinConfiguration] is not eligible for getting processed by all BeanPostProcessors (for example: not eligible for auto-proxying). Is this bean getting eagerly injected into a currently created BeanPostProcessor [zeebeAnnotationProcessorRegistry]? Check the corresponding BeanPostProcessor declaration and its dependencies.
2025-01-13T12:07:40.899+08:00  WARN 3116 --- [           main] trationDelegate$BeanPostProcessorChecker : Bean 'jsonMixinModuleEntries' of type [org.springframework.boot.jackson.JsonMixinModuleEntries] is not eligible for getting processed by all BeanPostProcessors (for example: not eligible for auto-proxying). Is this bean getting eagerly injected into a currently created BeanPostProcessor [zeebeAnnotationProcessorRegistry]? Check the corresponding BeanPostProcessor declaration and its dependencies.
2025-01-13T12:07:40.899+08:00  WARN 3116 --- [           main] trationDelegate$BeanPostProcessorChecker : Bean 'jsonMixinModule' of type [org.springframework.boot.jackson.JsonMixinModule] is not eligible for getting processed by all BeanPostProcessors (for example: not eligible for auto-proxying). Is this bean getting eagerly injected into a currently created BeanPostProcessor [zeebeAnnotationProcessorRegistry]? Check the corresponding BeanPostProcessor declaration and its dependencies.
2025-01-13T12:07:40.899+08:00  WARN 3116 --- [           main] trationDelegate$BeanPostProcessorChecker : Bean 'org.springframework.boot.autoconfigure.jackson.JacksonAutoConfiguration' of type [org.springframework.boot.autoconfigure.jackson.JacksonAutoConfiguration] is not eligible for getting processed by all BeanPostProcessors (for example: not eligible for auto-proxying). Is this bean getting eagerly injected into a currently created BeanPostProcessor [zeebeAnnotationProcessorRegistry]? Check the corresponding BeanPostProcessor declaration and its dependencies.
2025-01-13T12:07:40.899+08:00  WARN 3116 --- [           main] trationDelegate$BeanPostProcessorChecker : Bean 'jsonComponentModule' of type [org.springframework.boot.jackson.JsonComponentModule] is not eligible for getting processed by all BeanPostProcessors (for example: not eligible for auto-proxying). Is this bean getting eagerly injected into a currently created BeanPostProcessor [zeebeAnnotationProcessorRegistry]? Check the corresponding BeanPostProcessor declaration and its dependencies.
2025-01-13T12:07:40.914+08:00  WARN 3116 --- [           main] trationDelegate$BeanPostProcessorChecker : Bean 'standardJacksonObjectMapperBuilderCustomizer' of type [org.springframework.boot.autoconfigure.jackson.JacksonAutoConfiguration$Jackson2ObjectMapperBuilderCustomizerConfiguration$StandardJackson2ObjectMapperBuilderCustomizer] is not eligible for getting processed by all BeanPostProcessors (for example: not eligible for auto-proxying). Is this bean getting eagerly injected into a currently created BeanPostProcessor [zeebeAnnotationProcessorRegistry]? Check the corresponding BeanPostProcessor declaration and its dependencies.
2025-01-13T12:07:40.914+08:00  WARN 3116 --- [           main] trationDelegate$BeanPostProcessorChecker : Bean 'jacksonObjectMapperBuilder' of type [org.springframework.http.converter.json.Jackson2ObjectMapperBuilder] is not eligible for getting processed by all BeanPostProcessors (for example: not eligible for auto-proxying). Is this bean getting eagerly injected into a currently created BeanPostProcessor [zeebeAnnotationProcessorRegistry]? Check the corresponding BeanPostProcessor declaration and its dependencies.
2025-01-13T12:07:40.930+08:00  WARN 3116 --- [           main] trationDelegate$BeanPostProcessorChecker : Bean 'jacksonObjectMapper' of type [com.fasterxml.jackson.databind.ObjectMapper] is not eligible for getting processed by all BeanPostProcessors (for example: not eligible for auto-proxying). Is this bean getting eagerly injected into a currently created BeanPostProcessor [zeebeAnnotationProcessorRegistry]? Check the corresponding BeanPostProcessor declaration and its dependencies.
2025-01-13T12:07:40.930+08:00  WARN 3116 --- [           main] trationDelegate$BeanPostProcessorChecker : Bean 'io.camunda.zeebe.spring.client.configuration.JsonMapperConfiguration' of type [io.camunda.zeebe.spring.client.configuration.JsonMapperConfiguration$$SpringCGLIB$$0] is not eligible for getting processed by all BeanPostProcessors (for example: not eligible for auto-proxying). Is this bean getting eagerly injected into a currently created BeanPostProcessor [zeebeAnnotationProcessorRegistry]? Check the corresponding BeanPostProcessor declaration and its dependencies.
2025-01-13T12:07:40.930+08:00  WARN 3116 --- [           main] trationDelegate$BeanPostProcessorChecker : Bean 'zeebeJsonMapper' of type [io.camunda.zeebe.client.impl.ZeebeObjectMapper] is not eligible for getting processed by all BeanPostProcessors (for example: not eligible for auto-proxying). Is this bean getting eagerly injected into a currently created BeanPostProcessor [zeebeAnnotationProcessorRegistry]? Check the corresponding BeanPostProcessor declaration and its dependencies.
2025-01-13T12:07:40.930+08:00  WARN 3116 --- [           main] trationDelegate$BeanPostProcessorChecker : Bean 'parameterResolverStrategy' of type [io.camunda.zeebe.spring.client.jobhandling.parameter.DefaultParameterResolverStrategy] is not eligible for getting processed by all BeanPostProcessors (for example: not eligible for auto-proxying). Is this bean getting eagerly injected into a currently created BeanPostProcessor [zeebeAnnotationProcessorRegistry]? Check the corresponding BeanPostProcessor declaration and its dependencies.
2025-01-13T12:07:40.930+08:00  WARN 3116 --- [           main] trationDelegate$BeanPostProcessorChecker : Bean 'jobWorkerManager' of type [io.camunda.zeebe.spring.client.jobhandling.JobWorkerManager] is not eligible for getting processed by all BeanPostProcessors (for example: not eligible for auto-proxying). Is this bean getting eagerly injected into a currently created BeanPostProcessor [zeebeAnnotationProcessorRegistry]? Check the corresponding BeanPostProcessor declaration and its dependencies.
2025-01-13T12:07:40.952+08:00  WARN 3116 --- [           main] trationDelegate$BeanPostProcessorChecker : Bean 'propertyBasedZeebeWorkerValueCustomizer' of type [io.camunda.zeebe.spring.client.properties.PropertyBasedZeebeWorkerValueCustomizer] is not eligible for getting processed by all BeanPostProcessors (for example: not eligible for auto-proxying). Is this bean getting eagerly injected into a currently created BeanPostProcessor [zeebeAnnotationProcessorRegistry]? Check the corresponding BeanPostProcessor declaration and its dependencies.
2025-01-13T12:07:40.952+08:00  WARN 3116 --- [           main] trationDelegate$BeanPostProcessorChecker : Bean 'zeebeWorkerPostProcessor' of type [io.camunda.zeebe.spring.client.annotation.processor.ZeebeWorkerAnnotationProcessor] is not eligible for getting processed by all BeanPostProcessors (for example: not eligible for auto-proxying). Is this bean getting eagerly injected into a currently created BeanPostProcessor [zeebeAnnotationProcessorRegistry]? Check the corresponding BeanPostProcessor declaration and its dependencies.
2025-01-13T12:07:41.005+08:00  INFO 3116 --- [           main] c.a.p.ZeebeDeploymentAnnotationProcessor : Configuring deployment: ZeebeDeploymentValue{resources=[classpath*:*.bpmn], beanInfo=io.camunda.zeebe.spring.client.bean.ClassInfo@3134153d}
2025-01-13T12:07:41.030+08:00  INFO 3116 --- [           main] z.s.c.a.p.ZeebeWorkerAnnotationProcessor : Configuring 2 Zeebe worker(s) of bean 'twitterWorker': [ZeebeWorkerValue{type='send-rejection', name='', timeout=PT-0.001S, maxJobsActive=-1, requestTimeout=PT-1S, pollInterval=PT-0.001S, autoComplete=true, fetchVariables=[], enabled=true, methodInfo=io.camunda.zeebe.spring.client.bean.MethodInfo@7650ded6, tenantIds=[], forceFetchAllVariables=false, streamEnabled=false, streamTimeout=PT-0.001S}, ZeebeWorkerValue{type='publish-tweet', name='', timeout=PT-0.001S, maxJobsActive=-1, requestTimeout=PT-1S, pollInterval=PT-0.001S, autoComplete=true, fetchVariables=[], enabled=true, methodInfo=io.camunda.zeebe.spring.client.bean.MethodInfo@2c413ffc, tenantIds=[], forceFetchAllVariables=false, streamEnabled=false, streamTimeout=PT-0.001S}]
2025-01-13T12:07:41.441+08:00  INFO 3116 --- [           main] o.s.b.a.e.web.EndpointLinksResolver      : Exposing 1 endpoint beneath base path '/actuator'
2025-01-13T12:07:41.897+08:00  INFO 3116 --- [           main] org.ehcache.core.EhcacheManager          : Cache 'tokenCache' created in EhcacheManager.
2025-01-13T12:07:42.117+08:00  INFO 3116 --- [           main] o.c.community.examples.twitter.BPMNTest  : Started BPMNTest in 2.351 seconds (process running for 3.264)
2025-01-13T12:07:42.138+08:00  INFO 3116 --- [           main] i.c.z.s.test.ZeebeTestExecutionListener  : Create Zeebe in-memory engine for test run on random port: 52213...
2025-01-13T12:07:42.508+08:00  INFO 3116 --- [    zb-actors-0] io.camunda.zeebe.logstreams              : Recovered state of partition 1 from snapshot at position -1
2025-01-13T12:07:42.670+08:00  INFO 3116 --- [    zb-actors-0] org.camunda.feel.FeelEngine              : Engine created. [value-mapper: CompositeValueMapper(List(io.camunda.zeebe.feel.impl.MessagePackValueMapper@78de2e83)), function-provider: io.camunda.zeebe.feel.impl.FeelFunctionProvider@51047b20, clock: io.camunda.zeebe.engine.processing.bpmn.clock.ZeebeFeelEngineClock@15eb2b66, configuration: {externalFunctionsEnabled: false}]
2025-01-13T12:07:42.724+08:00  INFO 3116 --- [    zb-actors-0] org.camunda.dmn.DmnEngine                : DMN-Engine created. [value-mapper: CompositeValueMapper(List(io.camunda.zeebe.feel.impl.MessagePackValueMapper@7c7339c2)), function-provider: org.camunda.feel.context.FunctionProvider$EmptyFunctionProvider$@391fc236, audit-loggers: List(), configuration: Configuration(false,false,false)]
2025-01-13T12:07:42.729+08:00  INFO 3116 --- [    zb-actors-0] org.camunda.feel.FeelEngine              : Engine created. [value-mapper: CompositeValueMapper(List(org.camunda.dmn.NoUnpackValueMapper@2165728f)), function-provider: org.camunda.feel.context.FunctionProvider$EmptyFunctionProvider$@391fc236, clock: SystemClock, configuration: {externalFunctionsEnabled: false}]
2025-01-13T12:07:42.747+08:00  INFO 3116 --- [    zb-actors-0] org.camunda.dmn.DmnEngine                : DMN-Engine created. [value-mapper: CompositeValueMapper(List(io.camunda.zeebe.feel.impl.MessagePackValueMapper@79648e0c)), function-provider: org.camunda.feel.context.FunctionProvider$EmptyFunctionProvider$@391fc236, audit-loggers: List(), configuration: Configuration(false,false,false)]
2025-01-13T12:07:42.747+08:00  INFO 3116 --- [    zb-actors-0] org.camunda.feel.FeelEngine              : Engine created. [value-mapper: CompositeValueMapper(List(org.camunda.dmn.NoUnpackValueMapper@5040a34f)), function-provider: org.camunda.feel.context.FunctionProvider$EmptyFunctionProvider$@391fc236, clock: SystemClock, configuration: {externalFunctionsEnabled: false}]
2025-01-13T12:07:42.783+08:00  INFO 3116 --- [    zb-actors-0] org.camunda.dmn.DmnEngine                : DMN-Engine created. [value-mapper: CompositeValueMapper(List(io.camunda.zeebe.feel.impl.MessagePackValueMapper@c93e2a0)), function-provider: org.camunda.feel.context.FunctionProvider$EmptyFunctionProvider$@391fc236, audit-loggers: List(), configuration: Configuration(false,false,false)]
2025-01-13T12:07:42.783+08:00  INFO 3116 --- [    zb-actors-0] org.camunda.feel.FeelEngine              : Engine created. [value-mapper: CompositeValueMapper(List(org.camunda.dmn.NoUnpackValueMapper@17754752)), function-provider: org.camunda.feel.context.FunctionProvider$EmptyFunctionProvider$@391fc236, clock: SystemClock, configuration: {externalFunctionsEnabled: false}]
2025-01-13T12:07:42.783+08:00  INFO 3116 --- [    zb-actors-0] org.camunda.feel.FeelEngine              : Engine created. [value-mapper: CompositeValueMapper(List(io.camunda.zeebe.feel.impl.MessagePackValueMapper@3062c5e1)), function-provider: io.camunda.zeebe.feel.impl.FeelFunctionProvider@368ffa60, clock: io.camunda.zeebe.engine.processing.bpmn.clock.ZeebeFeelEngineClock@7ec4b0ff, configuration: {externalFunctionsEnabled: false}]
2025-01-13T12:07:42.800+08:00  INFO 3116 --- [    zb-actors-0] org.camunda.feel.FeelEngine              : Engine created. [value-mapper: CompositeValueMapper(List(io.camunda.zeebe.feel.impl.MessagePackValueMapper@7f78f8fb)), function-provider: io.camunda.zeebe.feel.impl.FeelFunctionProvider@35e6e75, clock: io.camunda.zeebe.engine.processing.bpmn.clock.ZeebeFeelEngineClock@6349e716, configuration: {externalFunctionsEnabled: false}]
2025-01-13T12:07:42.800+08:00  INFO 3116 --- [    zb-actors-0] org.camunda.feel.FeelEngine              : Engine created. [value-mapper: CompositeValueMapper(List(io.camunda.zeebe.feel.impl.MessagePackValueMapper@7cb3d9c8)), function-provider: io.camunda.zeebe.feel.impl.FeelFunctionProvider@5481ce7c, clock: io.camunda.zeebe.engine.processing.bpmn.clock.ZeebeFeelEngineClock@39cdcba2, configuration: {externalFunctionsEnabled: false}]
2025-01-13T12:07:42.848+08:00  INFO 3116 --- [    zb-actors-0] org.camunda.dmn.DmnEngine                : DMN-Engine created. [value-mapper: CompositeValueMapper(List(io.camunda.zeebe.feel.impl.MessagePackValueMapper@16b18aa4)), function-provider: org.camunda.feel.context.FunctionProvider$EmptyFunctionProvider$@391fc236, audit-loggers: List(), configuration: Configuration(false,false,false)]
2025-01-13T12:07:42.848+08:00  INFO 3116 --- [    zb-actors-0] org.camunda.feel.FeelEngine              : Engine created. [value-mapper: CompositeValueMapper(List(org.camunda.dmn.NoUnpackValueMapper@4bebeeea)), function-provider: org.camunda.feel.context.FunctionProvider$EmptyFunctionProvider$@391fc236, clock: SystemClock, configuration: {externalFunctionsEnabled: false}]
2025-01-13T12:07:42.937+08:00  INFO 3116 --- [    zb-actors-0] io.camunda.zeebe.processor               : Processor starts replay of events. [snapshot-position: -1, replay-mode: PROCESSING]
2025-01-13T12:07:42.939+08:00  INFO 3116 --- [           main] z.s.t.AbstractZeebeTestExecutionListener : Test engine setup. Now starting deployments and workers...
2025-01-13T12:07:42.938+08:00  INFO 3116 --- [    zb-actors-0] io.camunda.zeebe.processor               : Processor finished replay, with [lastProcessedPosition: -1, lastWrittenPosition: -1]
2025-01-13T12:07:43.951+08:00  INFO 3116 --- [           main] c.a.p.ZeebeDeploymentAnnotationProcessor : Deployed: <Echo_Test_Process:1>,<Process_16dlx30:1>,<TwitterDemoProcess:1>
2025-01-13T12:07:43.963+08:00  INFO 3116 --- [           main] i.c.z.s.c.jobhandling.JobWorkerManager   : . Starting Zeebe worker: ZeebeWorkerValue{type='send-rejection', name='twitterWorker#sendRejection', timeout=PT-0.001S, maxJobsActive=-1, requestTimeout=PT-1S, pollInterval=PT-0.001S, autoComplete=true, fetchVariables=[approved, boss, author, tweet], enabled=true, methodInfo=io.camunda.zeebe.spring.client.bean.MethodInfo@7650ded6, tenantIds=[], forceFetchAllVariables=false, streamEnabled=false, streamTimeout=PT-0.001S}
2025-01-13T12:07:43.964+08:00  INFO 3116 --- [           main] i.c.z.s.c.jobhandling.JobWorkerManager   : . Starting Zeebe worker: ZeebeWorkerValue{type='publish-tweet', name='twitterWorker#handleTweet', timeout=PT-0.001S, maxJobsActive=-1, requestTimeout=PT-1S, pollInterval=PT-0.001S, autoComplete=true, fetchVariables=[approved, boss, author, tweet], enabled=true, methodInfo=io.camunda.zeebe.spring.client.bean.MethodInfo@2c413ffc, tenantIds=[], forceFetchAllVariables=false, streamEnabled=false, streamTimeout=PT-0.001S}
2025-01-13T12:07:43.964+08:00  INFO 3116 --- [           main] z.s.t.AbstractZeebeTestExecutionListener : ...deployments and workers started.
2025-01-13T12:07:44.899+08:00  INFO 3116 --- [    zb-actors-4] io.camunda.zeebe.logstreams              : Close appender for log stream null
2025-01-13T12:07:44.899+08:00  INFO 3116 --- [    zb-actors-4] i.c.zeebe.logstreams.impl.log.Sequencer  : Closing sequencer for writing
2025-01-13T12:07:44.899+08:00  INFO 3116 --- [    zb-actors-4] io.camunda.zeebe.logstreams              : On closing logstream null close 2 readers
]]></system-out>
    <system-err><![CDATA[WARNING: A Java agent has been loaded dynamically (C:\Users\emapta\.m2\repository\net\bytebuddy\byte-buddy-agent\1.14.16\byte-buddy-agent-1.14.16.jar)
WARNING: If a serviceability tool is in use, please run with -XX:+EnableDynamicAgentLoading to hide this warning
WARNING: If a serviceability tool is not in use, please run with -Djdk.instrument.traceUsage for more information
WARNING: Dynamic loading of agents will be disallowed by default in a future release
]]></system-err>
  </testcase>
</testsuite>